#
# There is insufficient memory for the Java Runtime Environment to continue.
# Native memory allocation (malloc) failed to allocate 1048576 bytes for AllocateHeap
# Possible reasons:
#   The system is out of physical RAM or swap space
#   In 32 bit mode, the process size limit was hit
# Possible solutions:
#   Reduce memory load on the system
#   Increase physical memory or swap space
#   Check if swap backing store is full
#   Use 64 bit Java on a 64 bit OS
#   Decrease Java heap size (-Xmx/-Xms)
#   Decrease number of Java threads
#   Decrease Java thread stack sizes (-Xss)
#   Set larger code cache with -XX:ReservedCodeCacheSize=
# This output file may be truncated or incomplete.
#
#  Out of Memory Error (memory/allocation.inline.hpp:62), pid=4244, tid=1596
#
# JRE version:  (8.0_20-b26) (build )
# Java VM: Java HotSpot(TM) 64-Bit Server VM (25.20-b23 mixed mode windows-amd64 compressed oops)
# Failed to write core dump. Minidumps are not enabled by default on client versions of Windows
#

---------------  T H R E A D  ---------------

Current thread (0x0000000002c60800):  JavaThread "Unknown thread" [_thread_in_vm, id=1596, stack(0x0000000002b60000,0x0000000002c60000)]

Stack: [0x0000000002b60000,0x0000000002c60000]
[error occurred during error reporting (printing stack bounds), id 0xc0000005]

Native frames: (J=compiled Java code, j=interpreted, Vv=VM code, C=native code)
V  [jvm.dll+0x3152fa]
V  [jvm.dll+0x265d03]
V  [jvm.dll+0x266943]
V  [jvm.dll+0x286de4]
C  [KERNELBASE.dll+0xdcfc6]
C  [ntdll.dll+0xa6b14]
C  [ntdll.dll+0x8831f]
C  [ntdll.dll+0x9921d]
C  [ntdll.dll+0x55b5b]
C  [ntdll.dll+0x983de]
V  [jvm.dll+0x205611]


---------------  P R O C E S S  ---------------

Java Threads: ( => current thread )

Other Threads:

=>0x0000000002c60800 (exited) JavaThread "Unknown thread" [_thread_in_vm, id=1596, stack(0x0000000002b60000,0x0000000002c60000)]

VM state:not at safepoint (normal execution)

VM Mutex/Monitor currently owned by a thread: None

Heap:
 PSYoungGen      total 38400K, used 665K [0x00000000d5e00000, 0x00000000d8880000, 0x0000000100000000)
  eden space 33280K, 2% used [0x00000000d5e00000,0x00000000d5ea6670,0x00000000d7e80000)
  from space 5120K, 0% used [0x00000000d8380000,0x00000000d8380000,0x00000000d8880000)
  to   space 5120K, 0% used [0x00000000d7e80000,0x00000000d7e80000,0x00000000d8380000)
 ParOldGen       total 87552K, used 0K [0x0000000081a00000, 0x0000000086f80000, 0x00000000d5e00000)
  object space 87552K, 0% used [0x0000000081a00000,0x0000000081a00000,0x0000000086f80000)
 Metaspace       used 674K, capacity 4480K, committed 4480K, reserved 1056768K
  class space    used 66K, capacity 384K, committed 384K, reserved 1048576K

Card table byte_map: [0x0000000012120000,0x0000000012520000] byte_map_base: 0x0000000011d13000

Marking Bits: (ParMarkBitMap*) 0x0000000077f7b460
 Begin Bits: [0x0000000012bd0000, 0x0000000014b68000)
 End Bits:   [0x0000000014b68000, 0x0000000016b00000)

Polling page: 0x0000000002a60000

CodeCache: size=245760Kb used=327Kb max_used=327Kb free=245432Kb
 bounds [0x0000000002d60000, 0x0000000002fd0000, 0x0000000011d60000]
 total_blobs=56 nmethods=0 adapters=37
 compilation: enabled

Compilation events (0 events):
No events

GC Heap History (0 events):
No events

Deoptimization events (0 events):
No events

Internal exceptions (0 events):
No events

Events (10 events):
Event: 0.073 loading class java/lang/Short
Event: 0.073 loading class java/lang/Short done
Event: 0.073 loading class java/lang/Integer
Event: 0.074 loading class java/lang/Integer done
Event: 0.074 loading class java/lang/Long
Event: 0.074 loading class java/lang/Long done
Event: 0.074 loading class java/lang/NullPointerException
Event: 0.074 loading class java/lang/NullPointerException done
Event: 0.074 loading class java/lang/ArithmeticException
Event: 0.075 loading class java/lang/ArithmeticException done


Dynamic libraries:
0x00007ff72ed70000 - 0x00007ff72eda4000 	C:\Program Files\Java\jdk1.8.0_20\bin\java.exe
0x00007ff907ed0000 - 0x00007ff908079000 	C:\Windows\SYSTEM32\ntdll.dll
0x00007ff907340000 - 0x00007ff907479000 	C:\Windows\system32\KERNEL32.DLL
0x00007ff905420000 - 0x00007ff90552e000 	C:\Windows\system32\KERNELBASE.dll
0x00007ff903240000 - 0x00007ff9032cb000 	C:\Windows\system32\apphelp.dll
0x00007ff8f7f90000 - 0x00007ff8f7fdc000 	C:\Windows\AppPatch\AppPatch64\AcGenral.DLL
0x00007ff907070000 - 0x00007ff907117000 	C:\Windows\system32\msvcrt.dll
0x00007ff905100000 - 0x00007ff90512b000 	C:\Windows\SYSTEM32\SspiCli.dll
0x00007ff9057c0000 - 0x00007ff905811000 	C:\Windows\system32\SHLWAPI.dll
0x00007ff9077d0000 - 0x00007ff907941000 	C:\Windows\system32\USER32.dll
0x00007ff907ab0000 - 0x00007ff907c26000 	C:\Windows\system32\ole32.dll
0x00007ff9059d0000 - 0x00007ff906ddf000 	C:\Windows\system32\SHELL32.dll
0x00007ff9048c0000 - 0x00007ff9048df000 	C:\Windows\SYSTEM32\USERENV.dll
0x00007ff907950000 - 0x00007ff9079f5000 	C:\Windows\system32\ADVAPI32.dll
0x00007ff8ffc10000 - 0x00007ff8ffc2b000 	C:\Windows\SYSTEM32\MPR.dll
0x00007ff9071e0000 - 0x00007ff907316000 	C:\Windows\system32\RPCRT4.dll
0x00007ff907010000 - 0x00007ff907067000 	C:\Windows\SYSTEM32\sechost.dll
0x00007ff907c30000 - 0x00007ff907e07000 	C:\Windows\SYSTEM32\combase.dll
0x00007ff905880000 - 0x00007ff9059c5000 	C:\Windows\system32\GDI32.dll
0x00007ff905250000 - 0x00007ff905264000 	C:\Windows\SYSTEM32\profapi.dll
0x00007ff903a30000 - 0x00007ff903ad1000 	C:\Windows\SYSTEM32\SHCORE.dll
0x00007ff906fc0000 - 0x00007ff906ff4000 	C:\Windows\system32\IMM32.DLL
0x00007ff907690000 - 0x00007ff9077c8000 	C:\Windows\system32\MSCTF.dll
0x00007ff903360000 - 0x00007ff9035ba000 	C:\Windows\WinSxS\amd64_microsoft.windows.common-controls_6595b64144ccf1df_6.0.9600.16384_none_62475f7becb72503\COMCTL32.dll
0x00000000776c0000 - 0x0000000077792000 	C:\Program Files\Java\jdk1.8.0_20\jre\bin\msvcr100.dll
0x00000000777a0000 - 0x0000000077ff8000 	C:\Program Files\Java\jdk1.8.0_20\jre\bin\server\jvm.dll
0x00007ff900330000 - 0x00007ff900339000 	C:\Windows\SYSTEM32\WSOCK32.dll
0x00007ff8fd900000 - 0x00007ff8fd91f000 	C:\Windows\SYSTEM32\WINMM.dll
0x00007ff907620000 - 0x00007ff907627000 	C:\Windows\system32\PSAPI.DLL
0x00007ff907630000 - 0x00007ff907688000 	C:\Windows\system32\WS2_32.dll
0x00007ff8fd820000 - 0x00007ff8fd84a000 	C:\Windows\SYSTEM32\WINMMBASE.dll
0x00007ff907320000 - 0x00007ff907329000 	C:\Windows\system32\NSI.dll
0x00007ff905710000 - 0x00007ff90575a000 	C:\Windows\SYSTEM32\cfgmgr32.dll
0x00007ff9040e0000 - 0x00007ff904106000 	C:\Windows\SYSTEM32\DEVOBJ.dll
0x0000000050390000 - 0x000000005039f000 	C:\Program Files\Java\jdk1.8.0_20\jre\bin\verify.dll
0x0000000050360000 - 0x0000000050388000 	C:\Program Files\Java\jdk1.8.0_20\jre\bin\java.dll
0x0000000050340000 - 0x0000000050356000 	C:\Program Files\Java\jdk1.8.0_20\jre\bin\zip.dll
0x00007ff8f6800000 - 0x00007ff8f6988000 	C:\Windows\SYSTEM32\dbghelp.dll

VM Arguments:
java_command: <unknown>
java_class_path (initial): .
Launcher Type: SUN_STANDARD

Environment Variables:
JAVA_HOME=C:\Program Files\Java\jdk1.8.0_20\
PATH=C:\ProgramData\Oracle\Java\javapath;C:\Windows\system32;C:\Windows;C:\Windows\System32\Wbem;C:\Windows\System32\WindowsPowerShell\v1.0\;C:\Program Files (x86)\Microsoft SQL Server\100\Tools\Binn\;C:\Program Files (x86)\Microsoft SQL Server\100\DTS\Binn\;C:\Program Files (x86)\Windows Kits\8.1\Windows Performance Toolkit\;C:\Program Files\Microsoft SQL Server\110\Tools\Binn\;C:\Program Files (x86)\Microsoft SDKs\TypeScript\1.0\;C:\Program Files (x86)\Microsoft SQL Server\120\DTS\Binn\;C:\Program Files (x86)\Microsoft SQL Server\Client SDK\ODBC\110\Tools\Binn\;C:\Program Files (x86)\Microsoft SQL Server\120\Tools\Binn\;C:\Program Files (x86)\Microsoft SQL Server\120\Tools\Binn\ManagementStudio\;c:\Program Files\Microsoft SQL Server\100\Tools\Binn\;c:\Program Files\Microsoft SQL Server\100\DTS\Binn\;C:\Program Files (x86)\Microsoft Visual Studio 12.0\Common7\IDE\PrivateAssemblies\
USERNAME=student7
OS=Windows_NT
PROCESSOR_IDENTIFIER=Intel64 Family 6 Model 60 Stepping 3, GenuineIntel



---------------  S Y S T E M  ---------------

OS: Windows 8.1 , 64 bit Build 9600 

CPU:total 4 (2 cores per cpu, 2 threads per core) family 6 model 60 stepping 3, cmov, cx8, fxsr, mmx, sse, sse2, sse3, ssse3, sse4.1, sse4.2, popcnt, avx, avx2, aes, clmul, erms, lzcnt, ht, tsc, tscinvbit, bmi1, bmi2

Memory: 4k page, physical 8280240k(1375472k free), swap 8804528k(434536k free)

vm_info: Java HotSpot(TM) 64-Bit Server VM (25.20-b23) for windows-amd64 JRE (1.8.0_20-b26), built on Jul 30 2014 13:51:23 by "java_re" with MS VC++ 10.0 (VS2010)

time: Thu Nov 06 10:23:34 2014
elapsed time: 0 seconds (0d 0h 0m 0s)

