#
# There is insufficient memory for the Java Runtime Environment to continue.
# Native memory allocation (malloc) failed to allocate 1048576 bytes for AllocateHeap
# Possible reasons:
#   The system is out of physical RAM or swap space
#   In 32 bit mode, the process size limit was hit
# Possible solutions:
#   Reduce memory load on the system
#   Increase physical memory or swap space
#   Check if swap backing store is full
#   Use 64 bit Java on a 64 bit OS
#   Decrease Java heap size (-Xmx/-Xms)
#   Decrease number of Java threads
#   Decrease Java thread stack sizes (-Xss)
#   Set larger code cache with -XX:ReservedCodeCacheSize=
# This output file may be truncated or incomplete.
#
#  Out of Memory Error (memory/allocation.inline.hpp:62), pid=4068, tid=1544
#
# JRE version:  (8.0_20-b26) (build )
# Java VM: Java HotSpot(TM) 64-Bit Server VM (25.20-b23 mixed mode windows-amd64 compressed oops)
# Failed to write core dump. Minidumps are not enabled by default on client versions of Windows
#

---------------  T H R E A D  ---------------

Current thread (0x0000000001f1d800):  JavaThread "Unknown thread" [_thread_in_vm, id=1544, stack(0x0000000001d20000,0x0000000001e20000)]

Stack: [0x0000000001d20000,0x0000000001e20000]
[error occurred during error reporting (printing stack bounds), id 0xc0000005]

Native frames: (J=compiled Java code, j=interpreted, Vv=VM code, C=native code)
V  [jvm.dll+0x3152fa]


---------------  P R O C E S S  ---------------

Java Threads: ( => current thread )

Other Threads:

=>0x0000000001f1d800 (exited) JavaThread "Unknown thread" [_thread_in_vm, id=1544, stack(0x0000000001d20000,0x0000000001e20000)]

VM state:not at safepoint (normal execution)

VM Mutex/Monitor currently owned by a thread: None

Heap:
 PSYoungGen      total 38400K, used 665K [0x00000000eab00000, 0x00000000ed580000, 0x0000000100000000)
  eden space 33280K, 2% used [0x00000000eab00000,0x00000000eaba6670,0x00000000ecb80000)
  from space 5120K, 0% used [0x00000000ed080000,0x00000000ed080000,0x00000000ed580000)
  to   space 5120K, 0% used [0x00000000ecb80000,0x00000000ecb80000,0x00000000ed080000)
 ParOldGen       total 87552K, used 0K [0x00000000c0000000, 0x00000000c5580000, 0x00000000eab00000)
  object space 87552K, 0% used [0x00000000c0000000,0x00000000c0000000,0x00000000c5580000)
 Metaspace       used 674K, capacity 4480K, committed 4480K, reserved 1056768K
  class space    used 66K, capacity 384K, committed 384K, reserved 1048576K

Card table byte_map: [0x00000000113e0000,0x00000000115f0000] byte_map_base: 0x0000000010de0000

Marking Bits: (ParMarkBitMap*) 0x00000000571db460
 Begin Bits: [0x0000000011b50000, 0x0000000012b50000)
 End Bits:   [0x0000000012b50000, 0x0000000013b50000)

Polling page: 0x00000000003e0000

CodeCache: size=245760Kb used=327Kb max_used=327Kb free=245432Kb
 bounds [0x0000000002020000, 0x0000000002290000, 0x0000000011020000]
 total_blobs=56 nmethods=0 adapters=37
 compilation: enabled

Compilation events (0 events):
No events

GC Heap History (0 events):
No events

Deoptimization events (0 events):
No events

Internal exceptions (0 events):
No events

Events (10 events):
Event: 0.024 loading class java/lang/Short
Event: 0.024 loading class java/lang/Short done
Event: 0.024 loading class java/lang/Integer
Event: 0.025 loading class java/lang/Integer done
Event: 0.025 loading class java/lang/Long
Event: 0.025 loading class java/lang/Long done
Event: 0.025 loading class java/lang/NullPointerException
Event: 0.025 loading class java/lang/NullPointerException done
Event: 0.025 loading class java/lang/ArithmeticException
Event: 0.025 loading class java/lang/ArithmeticException done


Dynamic libraries:
0x00007ff735b10000 - 0x00007ff735b44000 	C:\PROGRA~1\Java\JDK18~1.0_2\bin\java.exe
0x00007ffcb3340000 - 0x00007ffcb34e9000 	C:\Windows\SYSTEM32\ntdll.dll
0x00007ffcb0bd0000 - 0x00007ffcb0d09000 	C:\Windows\system32\KERNEL32.DLL
0x00007ffcb07e0000 - 0x00007ffcb08ee000 	C:\Windows\system32\KERNELBASE.dll
0x00007ffcaeba0000 - 0x00007ffcaec2b000 	C:\Windows\system32\apphelp.dll
0x00007ffca75d0000 - 0x00007ffca761c000 	C:\Windows\AppPatch\AppPatch64\AcGenral.DLL
0x00007ffcb3280000 - 0x00007ffcb3327000 	C:\Windows\system32\msvcrt.dll
0x00007ffcb0570000 - 0x00007ffcb059b000 	C:\Windows\SYSTEM32\SspiCli.dll
0x00007ffcb18d0000 - 0x00007ffcb1921000 	C:\Windows\system32\SHLWAPI.dll
0x00007ffcb1a50000 - 0x00007ffcb1bc1000 	C:\Windows\system32\USER32.dll
0x00007ffcb1320000 - 0x00007ffcb1496000 	C:\Windows\system32\ole32.dll
0x00007ffcb1c90000 - 0x00007ffcb309f000 	C:\Windows\system32\SHELL32.dll
0x00007ffcafd30000 - 0x00007ffcafd4f000 	C:\Windows\SYSTEM32\USERENV.dll
0x00007ffcb1930000 - 0x00007ffcb19d5000 	C:\Windows\system32\ADVAPI32.dll
0x00007ffcaad90000 - 0x00007ffcaadab000 	C:\Windows\SYSTEM32\MPR.dll
0x00007ffcb1540000 - 0x00007ffcb1676000 	C:\Windows\system32\RPCRT4.dll
0x00007ffcb1130000 - 0x00007ffcb1187000 	C:\Windows\SYSTEM32\sechost.dll
0x00007ffcb0d10000 - 0x00007ffcb0ee7000 	C:\Windows\SYSTEM32\combase.dll
0x00007ffcb11d0000 - 0x00007ffcb1315000 	C:\Windows\system32\GDI32.dll
0x00007ffcb06c0000 - 0x00007ffcb06d4000 	C:\Windows\SYSTEM32\profapi.dll
0x00007ffcaf040000 - 0x00007ffcaf0e1000 	C:\Windows\SYSTEM32\SHCORE.dll
0x00007ffcb1190000 - 0x00007ffcb11c4000 	C:\Windows\system32\IMM32.DLL
0x00007ffcb1730000 - 0x00007ffcb1868000 	C:\Windows\system32\MSCTF.dll
0x00007ffcae940000 - 0x00007ffcaeb9a000 	C:\Windows\WinSxS\amd64_microsoft.windows.common-controls_6595b64144ccf1df_6.0.9600.16384_none_62475f7becb72503\COMCTL32.dll
0x0000000056580000 - 0x0000000056652000 	C:\PROGRA~1\Java\JDK18~1.0_2\jre\bin\msvcr100.dll
0x0000000056a00000 - 0x0000000057258000 	C:\PROGRA~1\Java\JDK18~1.0_2\jre\bin\server\jvm.dll
0x00007ffcae0b0000 - 0x00007ffcae0b9000 	C:\Windows\SYSTEM32\WSOCK32.dll
0x00007ffcaaca0000 - 0x00007ffcaacbf000 	C:\Windows\SYSTEM32\WINMM.dll
0x00007ffcb19e0000 - 0x00007ffcb19e7000 	C:\Windows\system32\PSAPI.DLL
0x00007ffcb14a0000 - 0x00007ffcb14f8000 	C:\Windows\system32\WS2_32.dll
0x00007ffcaaba0000 - 0x00007ffcaabca000 	C:\Windows\SYSTEM32\WINMMBASE.dll
0x00007ffcb3330000 - 0x00007ffcb3339000 	C:\Windows\system32\NSI.dll
0x00007ffcb0790000 - 0x00007ffcb07da000 	C:\Windows\SYSTEM32\cfgmgr32.dll
0x00007ffcaf550000 - 0x00007ffcaf576000 	C:\Windows\SYSTEM32\DEVOBJ.dll
0x00000000569f0000 - 0x00000000569ff000 	C:\PROGRA~1\Java\JDK18~1.0_2\jre\bin\verify.dll
0x00000000569c0000 - 0x00000000569e8000 	C:\PROGRA~1\Java\JDK18~1.0_2\jre\bin\java.dll
0x00000000569a0000 - 0x00000000569b6000 	C:\PROGRA~1\Java\JDK18~1.0_2\jre\bin\zip.dll

VM Arguments:
jvm_args: -Xmx1024M -Xss1m -Djava.ext.dirs=C:\Program Files (x86)\Android\android-studio\sdk\build-tools\android-4.4W\lib 
java_command: C:\Program Files (x86)\Android\android-studio\sdk\build-tools\android-4.4W\lib\dx.jar --dex --output C:\Users\student7.WZR\AndroidStudioProjects\MyApplication\app\build\intermediates\pre-dexed\debug\support-annotations-20.0.0-79e42da7c2657068d681cf877be8b4cc06e3cb7a.jar C:\Program Files (x86)\Android\android-studio\sdk\extras\android\m2repository\com\android\support\support-annotations\20.0.0\support-annotations-20.0.0.jar
java_class_path (initial): C:\Program Files (x86)\Android\android-studio\sdk\build-tools\android-4.4W\lib\dx.jar
Launcher Type: SUN_STANDARD

Environment Variables:
JAVA_HOME=C:\Program Files\Java\jdk1.8.0_20\
PATH=C:\ProgramData\Oracle\Java\javapath;C:\Windows\system32;C:\Windows;C:\Windows\System32\Wbem;C:\Windows\System32\WindowsPowerShell\v1.0\;C:\Program Files (x86)\Microsoft SQL Server\100\Tools\Binn\;C:\Program Files (x86)\Microsoft SQL Server\100\DTS\Binn\;C:\Program Files (x86)\Windows Kits\8.1\Windows Performance Toolkit\;C:\Program Files\Microsoft SQL Server\110\Tools\Binn\;C:\Program Files (x86)\Microsoft SDKs\TypeScript\1.0\;C:\Program Files (x86)\Microsoft SQL Server\120\DTS\Binn\;C:\Program Files (x86)\Microsoft SQL Server\Client SDK\ODBC\110\Tools\Binn\;C:\Program Files (x86)\Microsoft SQL Server\120\Tools\Binn\;C:\Program Files (x86)\Microsoft SQL Server\120\Tools\Binn\ManagementStudio\;c:\Program Files\Microsoft SQL Server\100\Tools\Binn\;c:\Program Files\Microsoft SQL Server\100\DTS\Binn\;C:\Program Files (x86)\Microsoft Visual Studio 12.0\Common7\IDE\PrivateAssemblies\
USERNAME=student7
OS=Windows_NT
PROCESSOR_IDENTIFIER=Intel64 Family 6 Model 60 Stepping 3, GenuineIntel



---------------  S Y S T E M  ---------------

OS: Windows 8.1 , 64 bit Build 9600 

CPU:total 4 (2 cores per cpu, 2 threads per core) family 6 model 60 stepping 3, cmov, cx8, fxsr, mmx, sse, sse2, sse3, ssse3, sse4.1, sse4.2, popcnt, avx, avx2, aes, clmul, erms, lzcnt, ht, tsc, tscinvbit, bmi1, bmi2

Memory: 4k page, physical 8280240k(1301332k free), swap 8804528k(143644k free)

vm_info: Java HotSpot(TM) 64-Bit Server VM (25.20-b23) for windows-amd64 JRE (1.8.0_20-b26), built on Jul 30 2014 13:51:23 by "java_re" with MS VC++ 10.0 (VS2010)

time: Thu Nov 06 10:20:04 2014
elapsed time: 0 seconds (0d 0h 0m 0s)

