#
# There is insufficient memory for the Java Runtime Environment to continue.
# Native memory allocation (malloc) failed to allocate 1048576 bytes for AllocateHeap
# Possible reasons:
#   The system is out of physical RAM or swap space
#   In 32 bit mode, the process size limit was hit
# Possible solutions:
#   Reduce memory load on the system
#   Increase physical memory or swap space
#   Check if swap backing store is full
#   Use 64 bit Java on a 64 bit OS
#   Decrease Java heap size (-Xmx/-Xms)
#   Decrease number of Java threads
#   Decrease Java thread stack sizes (-Xss)
#   Set larger code cache with -XX:ReservedCodeCacheSize=
# This output file may be truncated or incomplete.
#
#  Out of Memory Error (memory/allocation.inline.hpp:62), pid=5668, tid=5388
#
# JRE version:  (8.0_20-b26) (build )
# Java VM: Java HotSpot(TM) 64-Bit Server VM (25.20-b23 mixed mode windows-amd64 compressed oops)
# Failed to write core dump. Minidumps are not enabled by default on client versions of Windows
#

---------------  T H R E A D  ---------------

Current thread (0x0000000002900800):  JavaThread "Unknown thread" [_thread_in_vm, id=5388, stack(0x0000000002800000,0x0000000002900000)]

Stack: [0x0000000002800000,0x0000000002900000]
[error occurred during error reporting (printing stack bounds), id 0xc0000005]

Native frames: (J=compiled Java code, j=interpreted, Vv=VM code, C=native code)
V  [jvm.dll+0x3152fa]
V  [jvm.dll+0x265d03]
V  [jvm.dll+0x266943]
V  [jvm.dll+0x286de4]
C  [KERNELBASE.dll+0xdcfc6]
C  [ntdll.dll+0xa6b14]
C  [ntdll.dll+0x8831f]
C  [ntdll.dll+0x9921d]
C  [ntdll.dll+0x55b5b]
C  [ntdll.dll+0x983de]
V  [jvm.dll+0x205611]


---------------  P R O C E S S  ---------------

Java Threads: ( => current thread )

Other Threads:

=>0x0000000002900800 (exited) JavaThread "Unknown thread" [_thread_in_vm, id=5388, stack(0x0000000002800000,0x0000000002900000)]

VM state:not at safepoint (normal execution)

VM Mutex/Monitor currently owned by a thread: None

Heap:
 PSYoungGen      total 38400K, used 665K [0x00000000d5e00000, 0x00000000d8880000, 0x0000000100000000)
  eden space 33280K, 2% used [0x00000000d5e00000,0x00000000d5ea6670,0x00000000d7e80000)
  from space 5120K, 0% used [0x00000000d8380000,0x00000000d8380000,0x00000000d8880000)
  to   space 5120K, 0% used [0x00000000d7e80000,0x00000000d7e80000,0x00000000d8380000)
 ParOldGen       total 87552K, used 0K [0x0000000081a00000, 0x0000000086f80000, 0x00000000d5e00000)
  object space 87552K, 0% used [0x0000000081a00000,0x0000000081a00000,0x0000000086f80000)
 Metaspace       used 674K, capacity 4480K, committed 4480K, reserved 1056768K
  class space    used 66K, capacity 384K, committed 384K, reserved 1048576K

Card table byte_map: [0x0000000011dc0000,0x00000000121c0000] byte_map_base: 0x00000000119b3000

Marking Bits: (ParMarkBitMap*) 0x00000000571db460
 Begin Bits: [0x0000000012870000, 0x0000000014808000)
 End Bits:   [0x0000000014808000, 0x00000000167a0000)

Polling page: 0x00000000027c0000

CodeCache: size=245760Kb used=327Kb max_used=327Kb free=245432Kb
 bounds [0x0000000002a00000, 0x0000000002c70000, 0x0000000011a00000]
 total_blobs=56 nmethods=0 adapters=37
 compilation: enabled

Compilation events (0 events):
No events

GC Heap History (0 events):
No events

Deoptimization events (0 events):
No events

Internal exceptions (0 events):
No events

Events (10 events):
Event: 0.016 loading class java/lang/Short
Event: 0.016 loading class java/lang/Short done
Event: 0.016 loading class java/lang/Integer
Event: 0.016 loading class java/lang/Integer done
Event: 0.016 loading class java/lang/Long
Event: 0.016 loading class java/lang/Long done
Event: 0.017 loading class java/lang/NullPointerException
Event: 0.017 loading class java/lang/NullPointerException done
Event: 0.017 loading class java/lang/ArithmeticException
Event: 0.017 loading class java/lang/ArithmeticException done


Dynamic libraries:
0x00007ff735b10000 - 0x00007ff735b44000 	C:\Program Files\Java\jdk1.8.0_20\bin\java.exe
0x00007ffcb3340000 - 0x00007ffcb34e9000 	C:\Windows\SYSTEM32\ntdll.dll
0x00007ffcb0bd0000 - 0x00007ffcb0d09000 	C:\Windows\system32\KERNEL32.DLL
0x00007ffcb07e0000 - 0x00007ffcb08ee000 	C:\Windows\system32\KERNELBASE.dll
0x00007ffcaeba0000 - 0x00007ffcaec2b000 	C:\Windows\system32\apphelp.dll
0x00007ffca75d0000 - 0x00007ffca761c000 	C:\Windows\AppPatch\AppPatch64\AcGenral.DLL
0x00007ffcb3280000 - 0x00007ffcb3327000 	C:\Windows\system32\msvcrt.dll
0x00007ffcb0570000 - 0x00007ffcb059b000 	C:\Windows\SYSTEM32\SspiCli.dll
0x00007ffcb18d0000 - 0x00007ffcb1921000 	C:\Windows\system32\SHLWAPI.dll
0x00007ffcb1a50000 - 0x00007ffcb1bc1000 	C:\Windows\system32\USER32.dll
0x00007ffcb1320000 - 0x00007ffcb1496000 	C:\Windows\system32\ole32.dll
0x00007ffcb1c90000 - 0x00007ffcb309f000 	C:\Windows\system32\SHELL32.dll
0x00007ffcafd30000 - 0x00007ffcafd4f000 	C:\Windows\SYSTEM32\USERENV.dll
0x00007ffcb1930000 - 0x00007ffcb19d5000 	C:\Windows\system32\ADVAPI32.dll
0x00007ffcaad90000 - 0x00007ffcaadab000 	C:\Windows\SYSTEM32\MPR.dll
0x00007ffcb1540000 - 0x00007ffcb1676000 	C:\Windows\system32\RPCRT4.dll
0x00007ffcb1130000 - 0x00007ffcb1187000 	C:\Windows\SYSTEM32\sechost.dll
0x00007ffcb0d10000 - 0x00007ffcb0ee7000 	C:\Windows\SYSTEM32\combase.dll
0x00007ffcb11d0000 - 0x00007ffcb1315000 	C:\Windows\system32\GDI32.dll
0x00007ffcb06c0000 - 0x00007ffcb06d4000 	C:\Windows\SYSTEM32\profapi.dll
0x00007ffcaf040000 - 0x00007ffcaf0e1000 	C:\Windows\SYSTEM32\SHCORE.dll
0x00007ffcb1190000 - 0x00007ffcb11c4000 	C:\Windows\system32\IMM32.DLL
0x00007ffcb1730000 - 0x00007ffcb1868000 	C:\Windows\system32\MSCTF.dll
0x00007ffcae940000 - 0x00007ffcaeb9a000 	C:\Windows\WinSxS\amd64_microsoft.windows.common-controls_6595b64144ccf1df_6.0.9600.16384_none_62475f7becb72503\COMCTL32.dll
0x0000000056580000 - 0x0000000056652000 	C:\Program Files\Java\jdk1.8.0_20\jre\bin\msvcr100.dll
0x0000000056a00000 - 0x0000000057258000 	C:\Program Files\Java\jdk1.8.0_20\jre\bin\server\jvm.dll
0x00007ffcae0b0000 - 0x00007ffcae0b9000 	C:\Windows\SYSTEM32\WSOCK32.dll
0x00007ffcaaca0000 - 0x00007ffcaacbf000 	C:\Windows\SYSTEM32\WINMM.dll
0x00007ffcb19e0000 - 0x00007ffcb19e7000 	C:\Windows\system32\PSAPI.DLL
0x00007ffcb14a0000 - 0x00007ffcb14f8000 	C:\Windows\system32\WS2_32.dll
0x00007ffcaaba0000 - 0x00007ffcaabca000 	C:\Windows\SYSTEM32\WINMMBASE.dll
0x00007ffcb3330000 - 0x00007ffcb3339000 	C:\Windows\system32\NSI.dll
0x00007ffcb0790000 - 0x00007ffcb07da000 	C:\Windows\SYSTEM32\cfgmgr32.dll
0x00007ffcaf550000 - 0x00007ffcaf576000 	C:\Windows\SYSTEM32\DEVOBJ.dll
0x00000000569f0000 - 0x00000000569ff000 	C:\Program Files\Java\jdk1.8.0_20\jre\bin\verify.dll
0x00000000569c0000 - 0x00000000569e8000 	C:\Program Files\Java\jdk1.8.0_20\jre\bin\java.dll
0x00000000569a0000 - 0x00000000569b6000 	C:\Program Files\Java\jdk1.8.0_20\jre\bin\zip.dll
0x00007ffca2830000 - 0x00007ffca29b8000 	C:\Windows\SYSTEM32\dbghelp.dll

VM Arguments:
java_command: <unknown>
java_class_path (initial): .
Launcher Type: SUN_STANDARD

Environment Variables:
JAVA_HOME=C:\Program Files\Java\jdk1.8.0_20\
PATH=C:\ProgramData\Oracle\Java\javapath;C:\Windows\system32;C:\Windows;C:\Windows\System32\Wbem;C:\Windows\System32\WindowsPowerShell\v1.0\;C:\Program Files (x86)\Microsoft SQL Server\100\Tools\Binn\;C:\Program Files (x86)\Microsoft SQL Server\100\DTS\Binn\;C:\Program Files (x86)\Windows Kits\8.1\Windows Performance Toolkit\;C:\Program Files\Microsoft SQL Server\110\Tools\Binn\;C:\Program Files (x86)\Microsoft SDKs\TypeScript\1.0\;C:\Program Files (x86)\Microsoft SQL Server\120\DTS\Binn\;C:\Program Files (x86)\Microsoft SQL Server\Client SDK\ODBC\110\Tools\Binn\;C:\Program Files (x86)\Microsoft SQL Server\120\Tools\Binn\;C:\Program Files (x86)\Microsoft SQL Server\120\Tools\Binn\ManagementStudio\;c:\Program Files\Microsoft SQL Server\100\Tools\Binn\;c:\Program Files\Microsoft SQL Server\100\DTS\Binn\;C:\Program Files (x86)\Microsoft Visual Studio 12.0\Common7\IDE\PrivateAssemblies\
USERNAME=student7
OS=Windows_NT
PROCESSOR_IDENTIFIER=Intel64 Family 6 Model 60 Stepping 3, GenuineIntel



---------------  S Y S T E M  ---------------

OS: Windows 8.1 , 64 bit Build 9600 

CPU:total 4 (2 cores per cpu, 2 threads per core) family 6 model 60 stepping 3, cmov, cx8, fxsr, mmx, sse, sse2, sse3, ssse3, sse4.1, sse4.2, popcnt, avx, avx2, aes, clmul, erms, lzcnt, ht, tsc, tscinvbit, bmi1, bmi2

Memory: 4k page, physical 8280240k(1292884k free), swap 8804528k(146144k free)

vm_info: Java HotSpot(TM) 64-Bit Server VM (25.20-b23) for windows-amd64 JRE (1.8.0_20-b26), built on Jul 30 2014 13:51:23 by "java_re" with MS VC++ 10.0 (VS2010)

time: Thu Nov 06 10:20:03 2014
elapsed time: 0 seconds (0d 0h 0m 0s)

